<?xml version="1.0" encoding="UTF-8"?>
<robot generator="Robot 3.1.2 (Python 3.8.1 on win32)" generated="20210408 12:12:32.123" rpa="false">
<suite id="s1" name="Test" source="C:\agilis\TestCases\test.robot">
<test id="s1-t1" name="Test1">
<kw name="Open Browser" library="SeleniumLibrary">
<doc>Opens a new browser instance to the optional ``url``.</doc>
<arguments>
<arg>${LOGIN URL}</arg>
<arg>${BROWSER}</arg>
</arguments>
<msg timestamp="20210408 12:12:35.140" level="INFO">Opening browser 'Chrome' to base url 'https://agilischemicals.com/palmer-holland/portfolio'.</msg>
<status status="PASS" starttime="20210408 12:12:35.140" endtime="20210408 12:14:26.941"></status>
</kw>
<kw name="Maximize Browser Window" library="SeleniumLibrary">
<doc>Maximizes current browser window.</doc>
<status status="PASS" starttime="20210408 12:14:26.942" endtime="20210408 12:14:27.191"></status>
</kw>
<kw name="Title Should Be" library="SeleniumLibrary">
<doc>Verifies that the current page title equals ``title``.</doc>
<arguments>
<arg>Agilis | eCommerce Platform Provider for the Chemical Industry</arg>
</arguments>
<msg timestamp="20210408 12:14:27.224" level="INFO">Page title is 'Agilis | eCommerce Platform Provider for the Chemical Industry'.</msg>
<status status="PASS" starttime="20210408 12:14:27.192" endtime="20210408 12:14:27.224"></status>
</kw>
<kw name="Current Frame Should Contain" library="SeleniumLibrary">
<doc>Verifies that the current frame contains ``text``.</doc>
<arguments>
<arg>This website uses cookies to enhance the user experience.These cookies are used to collect information about how you interact with our website and allow us to remember you. We use this information in order to improve and customize your browsing experience and for analytics and metrics about our visitors both on this website and other media.</arg>
</arguments>
<msg timestamp="20210408 12:14:27.265" level="INFO">Current frame contains text 'This website uses cookies to enhance the user experience.These cookies are used to collect information about how you interact with our website and allow us to remember you. We use this information in order to improve and customize your browsing experience and for analytics and metrics about our visitors both on this website and other media.'.</msg>
<status status="PASS" starttime="20210408 12:14:27.225" endtime="20210408 12:14:27.265"></status>
</kw>
<kw name="Click Button" library="SeleniumLibrary">
<doc>Clicks the button identified by ``locator``.</doc>
<arguments>
<arg>xpath://button[@id='']</arg>
</arguments>
<msg timestamp="20210408 12:14:27.266" level="INFO">Clicking button 'xpath://button[@id='']'.</msg>
<status status="PASS" starttime="20210408 12:14:27.265" endtime="20210408 12:14:27.410"></status>
</kw>
<kw name="Wait Until Page Contains Element" library="SeleniumLibrary">
<doc>Waits until the element ``locator`` appears on the current page.</doc>
<arguments>
<arg>//div[@class='_1eyvFfpdFnz2Eu9SWFJhRr']</arg>
<arg>timeout=5</arg>
<arg>error=false</arg>
</arguments>
<status status="PASS" starttime="20210408 12:14:27.410" endtime="20210408 12:14:27.427"></status>
</kw>
<kw name="Click Link" library="SeleniumLibrary">
<doc>Clicks a link identified by ``locator``.</doc>
<arguments>
<arg>xpath://a[@href='/palmer-holland/portfolio']</arg>
</arguments>
<msg timestamp="20210408 12:14:27.428" level="INFO">Clicking link 'xpath://a[@href='/palmer-holland/portfolio']'.</msg>
<status status="PASS" starttime="20210408 12:14:27.427" endtime="20210408 12:14:27.572"></status>
</kw>
<kw name="Get Text" library="SeleniumLibrary">
<doc>Returns the text value of the element identified by ``locator``.</doc>
<arguments>
<arg>xpath://a[@href='/palmer-holland/portfolio']</arg>
</arguments>
<assign>
<var>${text}</var>
</assign>
<msg timestamp="20210408 12:14:27.593" level="INFO">${text} = PORTFOLIO</msg>
<status status="PASS" starttime="20210408 12:14:27.573" endtime="20210408 12:14:27.593"></status>
</kw>
<kw name="Log To Console" library="BuiltIn">
<doc>Logs the given message to the console.</doc>
<arguments>
<arg>${text}</arg>
</arguments>
<status status="PASS" starttime="20210408 12:14:27.594" endtime="20210408 12:14:27.594"></status>
</kw>
<kw name="Element Text Should Be" library="SeleniumLibrary">
<doc>Verifies that element ``locator`` contains exact the text ``expected``.</doc>
<arguments>
<arg>xpath://a[@href='/palmer-holland/portfolio']</arg>
<arg>PORTFOLIO</arg>
</arguments>
<msg timestamp="20210408 12:14:27.595" level="INFO">Verifying element 'xpath://a[@href='/palmer-holland/portfolio']' contains exact text 'PORTFOLIO'.</msg>
<status status="PASS" starttime="20210408 12:14:27.594" endtime="20210408 12:14:27.597"></status>
</kw>
<kw name="Element Should Be Visible" library="SeleniumLibrary">
<doc>Verifies that the element identified by ``locator`` is visible.</doc>
<arguments>
<arg>(//div[@class="MuiCardHeader-content"]//span[contains(text(),'CARAMEL COLOR I')])[1]</arg>
</arguments>
<msg timestamp="20210408 12:14:27.628" level="INFO">Element '(//div[@class="MuiCardHeader-content"]//span[contains(text(),'CARAMEL COLOR I')])[1]' is displayed.</msg>
<status status="PASS" starttime="20210408 12:14:27.597" endtime="20210408 12:14:27.628"></status>
</kw>
<kw name="Click Link" library="SeleniumLibrary">
<doc>Clicks a link identified by ``locator``.</doc>
<arguments>
<arg>xpath://a[@href="/palmer-holland/product/caramel-color-i-palmer-holland-inc"]</arg>
</arguments>
<msg timestamp="20210408 12:14:27.628" level="INFO">Clicking link 'xpath://a[@href="/palmer-holland/product/caramel-color-i-palmer-holland-inc"]'.</msg>
<status status="PASS" starttime="20210408 12:14:27.628" endtime="20210408 12:14:28.083"></status>
</kw>
<kw name="Sleep" library="BuiltIn">
<doc>Pauses the test executed for the given time.</doc>
<arguments>
<arg>5s</arg>
</arguments>
<msg timestamp="20210408 12:14:33.094" level="INFO">Slept 5 seconds</msg>
<status status="PASS" starttime="20210408 12:14:28.084" endtime="20210408 12:14:33.094"></status>
</kw>
<kw name="Element Should Be Visible" library="SeleniumLibrary">
<doc>Verifies that the element identified by ``locator`` is visible.</doc>
<arguments>
<arg>xpath://button[contains(text(),'Request Quote')]</arg>
</arguments>
<msg timestamp="20210408 12:14:33.122" level="INFO">Element 'xpath://button[contains(text(),'Request Quote')]' is displayed.</msg>
<status status="PASS" starttime="20210408 12:14:33.095" endtime="20210408 12:14:33.122"></status>
</kw>
<kw name="Click Button" library="SeleniumLibrary">
<doc>Clicks the button identified by ``locator``.</doc>
<arguments>
<arg>xpath://button[contains(text(),'Request Quote')]</arg>
</arguments>
<msg timestamp="20210408 12:14:33.123" level="INFO">Clicking button 'xpath://button[contains(text(),'Request Quote')]'.</msg>
<status status="PASS" starttime="20210408 12:14:33.123" endtime="20210408 12:14:33.239"></status>
</kw>
<kw name="Sleep" library="BuiltIn">
<doc>Pauses the test executed for the given time.</doc>
<arguments>
<arg>20s</arg>
</arguments>
<msg timestamp="20210408 12:14:53.247" level="INFO">Slept 20 seconds</msg>
<status status="PASS" starttime="20210408 12:14:33.240" endtime="20210408 12:14:53.247"></status>
</kw>
<kw name="Element Text Should Be" library="SeleniumLibrary">
<doc>Verifies that element ``locator`` contains exact the text ``expected``.</doc>
<arguments>
<arg>//div[contains(text(),'Quote Request')]</arg>
<arg>Quote Request</arg>
</arguments>
<msg timestamp="20210408 12:14:53.247" level="INFO">Verifying element '//div[contains(text(),'Quote Request')]' contains exact text 'Quote Request'.</msg>
<status status="PASS" starttime="20210408 12:14:53.247" endtime="20210408 12:14:53.300"></status>
</kw>
<kw name="Log To Console" library="BuiltIn">
<doc>Logs the given message to the console.</doc>
<arguments>
<arg>OK</arg>
</arguments>
<status status="PASS" starttime="20210408 12:14:53.300" endtime="20210408 12:14:53.300"></status>
</kw>
<status status="PASS" starttime="20210408 12:12:35.139" endtime="20210408 12:14:53.300" critical="yes"></status>
</test>
<status status="PASS" starttime="20210408 12:12:32.126" endtime="20210408 12:14:53.300"></status>
</suite>
<statistics>
<total>
<stat pass="1" fail="0">Critical Tests</stat>
<stat pass="1" fail="0">All Tests</stat>
</total>
<tag>
</tag>
<suite>
<stat pass="1" fail="0" id="s1" name="Test">Test</stat>
</suite>
</statistics>
<errors>
<msg timestamp="20210408 12:12:32.053" level="ERROR">Error in file 'C:\agilis\TestCases\test.robot': Non-existing setting '--outputdir C:\agilis\sample_report --timestampoutputs'.</msg>
</errors>
</robot>
