<?xml version="1.0" encoding="UTF-8"?>
<robot generator="Robot 4.0 (Python 3.8.1 on win32)" generated="20210408 10:50:17.741" rpa="false" schemaversion="2">
<suite id="s1" name="Case1" source="C:\agilis\TestCases\Case1.robot">
<test id="s1-t1" name="Login Test">
<kw name="Open Browser To Home Page">
<kw name="Open Browser" library="SeleniumLibrary">
<arg>${LOGIN URL}</arg>
<arg>${BROWSER}</arg>
<doc>Opens a new browser instance to the optional ``url``.</doc>
<msg timestamp="20210408 10:50:18.157" level="INFO">Opening browser 'Chrome' to base url 'https://agilischemicals.com/'.</msg>
<status status="PASS" starttime="20210408 10:50:18.157" endtime="20210408 10:50:27.613"/>
</kw>
<status status="PASS" starttime="20210408 10:50:18.157" endtime="20210408 10:50:27.613"/>
</kw>
<kw name="Validate Home Page Title">
<kw name="Maximize Browser Window" library="SeleniumLibrary">
<doc>Maximizes current browser window.</doc>
<status status="PASS" starttime="20210408 10:50:27.621" endtime="20210408 10:50:27.829"/>
</kw>
<kw name="Set Focus To Element" library="SeleniumLibrary">
<arg>xpath://*[@id="app"]/div[1]/div/div[4]</arg>
<doc>Sets the focus to the element identified by ``locator``.</doc>
<status status="PASS" starttime="20210408 10:50:27.829" endtime="20210408 10:50:27.878"/>
</kw>
<kw name="Title Should Be" library="SeleniumLibrary">
<arg>${Agilis Page Title}</arg>
<doc>Verifies that the current page title equals ``title``.</doc>
<msg timestamp="20210408 10:50:27.886" level="INFO">Page title is 'Agilis | eCommerce Platform Provider for the Chemical Industry'.</msg>
<status status="PASS" starttime="20210408 10:50:27.878" endtime="20210408 10:50:27.886"/>
</kw>
<status status="PASS" starttime="20210408 10:50:27.613" endtime="20210408 10:50:27.886"/>
</kw>
<kw name="Enable Cookies">
<kw name="Current Frame Should Contain" library="SeleniumLibrary">
<arg>This website uses cookies to enhance the user experience.These cookies are used to collect information about how you interact with our website and allow us to remember you. We use this information in order to improve and customize your browsing experience and for analytics and metrics about our visitors both on this website and other media.</arg>
<doc>Verifies that the current frame contains ``text``.</doc>
<msg timestamp="20210408 10:50:27.958" level="INFO">Current frame contains text 'This website uses cookies to enhance the user experience.These cookies are used to collect information about how you interact with our website and allow us to remember you. We use this information in order to improve and customize your browsing experience and for analytics and metrics about our visitors both on this website and other media.'.</msg>
<status status="PASS" starttime="20210408 10:50:27.886" endtime="20210408 10:50:27.958"/>
</kw>
<kw name="Click Button" library="SeleniumLibrary">
<arg>xpath://button[@id='']</arg>
<doc>Clicks the button identified by ``locator``.</doc>
<msg timestamp="20210408 10:50:27.958" level="INFO">Clicking button 'xpath://button[@id='']'.</msg>
<status status="PASS" starttime="20210408 10:50:27.958" endtime="20210408 10:50:28.078"/>
</kw>
<status status="PASS" starttime="20210408 10:50:27.886" endtime="20210408 10:50:28.078"/>
</kw>
<kw name="Scroll Element Into View" library="SeleniumLibrary">
<arg>${YourElement}</arg>
<doc>Scrolls the element identified by ``locator`` into view.</doc>
<status status="PASS" starttime="20210408 10:50:28.078" endtime="20210408 10:50:28.485"/>
</kw>
<kw name="Wait Until Element Is Visible" library="SeleniumLibrary">
<arg>${YourElement}</arg>
<arg>timeout=5s</arg>
<doc>Waits until the element ``locator`` is visible.</doc>
<status status="PASS" starttime="20210408 10:50:28.485" endtime="20210408 10:50:28.501"/>
</kw>
<kw name="Set Focus To Element" library="SeleniumLibrary">
<arg>${YourElement}</arg>
<doc>Sets the focus to the element identified by ``locator``.</doc>
<status status="PASS" starttime="20210408 10:50:28.501" endtime="20210408 10:50:28.523"/>
</kw>
<kw name="Sleep" library="BuiltIn">
<arg>2s</arg>
<doc>Pauses the test executed for the given time.</doc>
<msg timestamp="20210408 10:50:30.539" level="INFO">Slept 2 seconds</msg>
<status status="PASS" starttime="20210408 10:50:28.523" endtime="20210408 10:50:30.539"/>
</kw>
<kw name="Element Text Should Be" library="SeleniumLibrary">
<arg>xpath:(//div[@class="_2ClPktuQN1IdZ1KO1AWQA-"]/h2)[1]</arg>
<arg>Our Trusted Partners</arg>
<doc>Verifies that element ``locator`` contains exact the text ``expected``.</doc>
<msg timestamp="20210408 10:50:30.541" level="INFO">Verifying element 'xpath:(//div[@class="_2ClPktuQN1IdZ1KO1AWQA-"]/h2)[1]' contains exact text 'Our Trusted Partners'.</msg>
<status status="PASS" starttime="20210408 10:50:30.539" endtime="20210408 10:50:30.569"/>
</kw>
<kw name="Wait Until Element Is Visible" library="SeleniumLibrary">
<arg>xpath://a[@href="/palmer-holland"]</arg>
<arg>timeout=15</arg>
<doc>Waits until the element ``locator`` is visible.</doc>
<status status="PASS" starttime="20210408 10:50:30.569" endtime="20210408 10:50:35.573"/>
</kw>
<kw name="Get Element Attribute" library="SeleniumLibrary">
<var>${url}</var>
<arg>xpath=//a[contains(@href, 'r-h')]</arg>
<arg>href</arg>
<doc>Returns the value of ``attribute`` from the element ``locator``.</doc>
<msg timestamp="20210408 10:50:35.605" level="INFO">${url} = https://agilischemicals.com/palmer-holland</msg>
<status status="PASS" starttime="20210408 10:50:35.573" endtime="20210408 10:50:35.605"/>
</kw>
<kw name="Log To Console" library="BuiltIn">
<arg>${url}</arg>
<doc>Logs the given message to the console.</doc>
<status status="PASS" starttime="20210408 10:50:35.613" endtime="20210408 10:50:35.613"/>
</kw>
<kw name="Should Be Equal" library="BuiltIn">
<arg>${url}</arg>
<arg>https://agilischemicals.com/palmer-holland</arg>
<doc>Fails if the given objects are unequal.</doc>
<status status="PASS" starttime="20210408 10:50:35.613" endtime="20210408 10:50:35.613"/>
</kw>
<kw name="Wait Until Element Is Visible" library="SeleniumLibrary">
<arg>xpath://a[@href="/palmer-holland"]</arg>
<doc>Waits until the element ``locator`` is visible.</doc>
<status status="PASS" starttime="20210408 10:50:35.613" endtime="20210408 10:50:35.645"/>
</kw>
<kw name="Click Element" library="SeleniumLibrary">
<arg>xpath://a[@href="/palmer-holland"]</arg>
<doc>Click the element identified by ``locator``.</doc>
<msg timestamp="20210408 10:50:35.645" level="INFO">Clicking element 'xpath://a[@href="/palmer-holland"]'.</msg>
<status status="PASS" starttime="20210408 10:50:35.645" endtime="20210408 10:50:35.802"/>
</kw>
<kw name="Sleep" library="BuiltIn">
<arg>5s</arg>
<doc>Pauses the test executed for the given time.</doc>
<msg timestamp="20210408 10:50:40.809" level="INFO">Slept 5 seconds</msg>
<status status="PASS" starttime="20210408 10:50:35.802" endtime="20210408 10:50:40.809"/>
</kw>
<kw name="select window">
<arg>title=Palmer Holland Health &amp; Nutrition eCommerce Portal Home</arg>
<msg timestamp="20210408 10:50:40.833" level="FAIL">No keyword with name 'select window' found.</msg>
<status status="FAIL" starttime="20210408 10:50:40.833" endtime="20210408 10:50:40.833"/>
</kw>
<kw name="Wait Until Page Contains Element" library="SeleniumLibrary">
<arg>//div[@class='_1eyvFfpdFnz2Eu9SWFJhRr']</arg>
<arg>timeout=5</arg>
<arg>error=false</arg>
<doc>Waits until the element ``locator`` appears on the current page.</doc>
<status status="NOT RUN" starttime="20210408 10:50:40.833" endtime="20210408 10:50:40.833"/>
</kw>
<kw name="Click Link" library="SeleniumLibrary">
<arg>xpath://a[@href='/palmer-holland/portfolio']</arg>
<doc>Clicks a link identified by ``locator``.</doc>
<status status="NOT RUN" starttime="20210408 10:50:40.833" endtime="20210408 10:50:40.833"/>
</kw>
<kw name="Get Text" library="SeleniumLibrary">
<var>${text}</var>
<arg>xpath://a[@href='/palmer-holland/portfolio']</arg>
<doc>Returns the text value of the element identified by ``locator``.</doc>
<status status="NOT RUN" starttime="20210408 10:50:40.833" endtime="20210408 10:50:40.833"/>
</kw>
<kw name="Log To Console" library="BuiltIn">
<arg>${text}</arg>
<doc>Logs the given message to the console.</doc>
<status status="NOT RUN" starttime="20210408 10:50:40.841" endtime="20210408 10:50:40.841"/>
</kw>
<kw name="Element Text Should Be" library="SeleniumLibrary">
<arg>xpath://a[@href='/palmer-holland/portfolio']</arg>
<arg>PORTFOLIO</arg>
<doc>Verifies that element ``locator`` contains exact the text ``expected``.</doc>
<status status="NOT RUN" starttime="20210408 10:50:40.841" endtime="20210408 10:50:40.841"/>
</kw>
<kw name="Element Should Be Visible" library="SeleniumLibrary">
<arg>(//div[@class="MuiCardHeader-content"]//span[contains(text(),'CARAMEL COLOR I')])[1]</arg>
<doc>Verifies that the element identified by ``locator`` is visible.</doc>
<status status="NOT RUN" starttime="20210408 10:50:40.841" endtime="20210408 10:50:40.841"/>
</kw>
<kw name="Click Link" library="SeleniumLibrary">
<arg>xpath://a[@href="/palmer-holland/product/caramel-color-i-palmer-holland-inc"]</arg>
<doc>Clicks a link identified by ``locator``.</doc>
<status status="NOT RUN" starttime="20210408 10:50:40.841" endtime="20210408 10:50:40.841"/>
</kw>
<kw name="Sleep" library="BuiltIn">
<arg>5s</arg>
<doc>Pauses the test executed for the given time.</doc>
<status status="NOT RUN" starttime="20210408 10:50:40.849" endtime="20210408 10:50:40.849"/>
</kw>
<kw name="Element Should Be Visible" library="SeleniumLibrary">
<arg>xpath://button[contains(text(),'Request Quote')]</arg>
<doc>Verifies that the element identified by ``locator`` is visible.</doc>
<status status="NOT RUN" starttime="20210408 10:50:40.849" endtime="20210408 10:50:40.849"/>
</kw>
<kw name="Click Button" library="SeleniumLibrary">
<arg>xpath://button[contains(text(),'Request Quote')]</arg>
<doc>Clicks the button identified by ``locator``.</doc>
<status status="NOT RUN" starttime="20210408 10:50:40.849" endtime="20210408 10:50:40.849"/>
</kw>
<kw name="Sleep" library="BuiltIn">
<arg>20s</arg>
<doc>Pauses the test executed for the given time.</doc>
<status status="NOT RUN" starttime="20210408 10:50:40.849" endtime="20210408 10:50:40.849"/>
</kw>
<kw name="Element Text Should Be" library="SeleniumLibrary">
<arg>//div[contains(text(),'Quote Request')]</arg>
<arg>Quote Request</arg>
<doc>Verifies that element ``locator`` contains exact the text ``expected``.</doc>
<status status="NOT RUN" starttime="20210408 10:50:40.849" endtime="20210408 10:50:40.849"/>
</kw>
<kw name="Log To Console" library="BuiltIn">
<arg>OK</arg>
<doc>Logs the given message to the console.</doc>
<status status="NOT RUN" starttime="20210408 10:50:40.857" endtime="20210408 10:50:40.857"/>
</kw>
<status status="FAIL" starttime="20210408 10:50:18.157" endtime="20210408 10:50:40.857">No keyword with name 'select window' found.</status>
</test>
<status status="FAIL" starttime="20210408 10:50:17.756" endtime="20210408 10:50:40.865"/>
</suite>
<statistics>
<total>
<stat pass="0" fail="1" skip="0">All Tests</stat>
</total>
<tag>
</tag>
<suite>
<stat pass="0" fail="1" skip="0" id="s1" name="Case1">Case1</stat>
</suite>
</statistics>
<errors>
</errors>
</robot>
