<?xml version="1.0" encoding="UTF-8"?>
<robot generator="Robot 4.0 (Python 3.8.1 on win32)" generated="20210408 14:07:23.452" rpa="false" schemaversion="2">
<suite id="s1" name="Agilis Case" source="C:\agilis\TestCases\agilis_case.robot">
<test id="s1-t1" name="Login Test">
<kw name="Open Web">
<kw name="Open Browser" library="SeleniumLibrary">
<arg>${WEB}</arg>
<arg>${BROWSER}</arg>
<doc>Opens a new browser instance to the optional ``url``.</doc>
<msg timestamp="20210408 14:07:24.090" level="INFO">Opening browser 'Chrome' to base url 'https://agilischemicals.com/'.</msg>
<status status="PASS" starttime="20210408 14:07:24.090" endtime="20210408 14:07:36.185"/>
</kw>
<kw name="Maximize Browser Window" library="SeleniumLibrary">
<doc>Maximizes current browser window.</doc>
<status status="PASS" starttime="20210408 14:07:36.185" endtime="20210408 14:07:36.369"/>
</kw>
<kw name="Get DateTime">
<var>${Date}</var>
<kw name="Get Current Date" library="DateTime">
<var>${date1}</var>
<arg>result_format=%Y-%m-%d %H-%M-%S</arg>
<doc>Returns current local or UTC time with an optional increment.</doc>
<msg timestamp="20210408 14:07:36.379" level="INFO">${date1} = 2021-04-08 14-07-36</msg>
<status status="PASS" starttime="20210408 14:07:36.379" endtime="20210408 14:07:36.379"/>
</kw>
<msg timestamp="20210408 14:07:36.379" level="INFO">${Date} = 2021-04-08 14-07-36</msg>
<status status="PASS" starttime="20210408 14:07:36.369" endtime="20210408 14:07:36.379"/>
</kw>
<kw name="Log To Console" library="BuiltIn">
<arg>${Date}</arg>
<doc>Logs the given message to the console.</doc>
<status status="PASS" starttime="20210408 14:07:36.379" endtime="20210408 14:07:36.379"/>
</kw>
<kw name="Set Global Variable" library="BuiltIn">
<arg>${Path}</arg>
<arg>C:/agilis/screenshot/${Date}</arg>
<doc>Makes a variable available globally in all tests and suites.</doc>
<msg timestamp="20210408 14:07:36.387" level="INFO">${Path} = C:/agilis/screenshot/2021-04-08 14-07-36</msg>
<status status="PASS" starttime="20210408 14:07:36.387" endtime="20210408 14:07:36.387"/>
</kw>
<status status="PASS" starttime="20210408 14:07:24.090" endtime="20210408 14:07:36.387"/>
</kw>
<kw name="Validate Home Page Title">
<kw name="Maximize Browser Window" library="SeleniumLibrary">
<doc>Maximizes current browser window.</doc>
<status status="PASS" starttime="20210408 14:07:36.395" endtime="20210408 14:07:36.411"/>
</kw>
<kw name="Set Focus To Element" library="SeleniumLibrary">
<arg>xpath://*[@id="app"]/div[1]/div/div[4]</arg>
<doc>Sets the focus to the element identified by ``locator``.</doc>
<status status="PASS" starttime="20210408 14:07:36.411" endtime="20210408 14:07:36.459"/>
</kw>
<kw name="Title Should Be" library="SeleniumLibrary">
<arg>${Agilis Page Title}</arg>
<doc>Verifies that the current page title equals ``title``.</doc>
<msg timestamp="20210408 14:07:36.467" level="INFO">Page title is 'Agilis | eCommerce Platform Provider for the Chemical Industry'.</msg>
<status status="PASS" starttime="20210408 14:07:36.459" endtime="20210408 14:07:36.467"/>
</kw>
<status status="PASS" starttime="20210408 14:07:36.387" endtime="20210408 14:07:36.467"/>
</kw>
<kw name="Screenshot">
<arg>Home_Page</arg>
<kw name="Set Screenshot Directory" library="SeleniumLibrary">
<arg>${Path}</arg>
<doc>Sets the directory for captured screenshots.</doc>
<status status="PASS" starttime="20210408 14:07:36.467" endtime="20210408 14:07:36.475"/>
</kw>
<kw name="Wait Until Page Contains" library="SeleniumLibrary">
<arg>Element</arg>
<doc>Waits until ``text`` appears on the current page.</doc>
<status status="PASS" starttime="20210408 14:07:36.475" endtime="20210408 14:07:36.515"/>
</kw>
<kw name="Capture Page Screenshot" library="SeleniumLibrary">
<arg>${filename}.png</arg>
<doc>Takes a screenshot of the current page and embeds it into a log file.</doc>
<msg timestamp="20210408 14:07:37.661" level="INFO" html="true">&lt;/td&gt;&lt;/tr&gt;&lt;tr&gt;&lt;td colspan="3"&gt;&lt;a href="../screenshot/2021-04-08%2014-07-36/Home_Page.png"&gt;&lt;img src="../screenshot/2021-04-08%2014-07-36/Home_Page.png" width="800px"&gt;&lt;/a&gt;</msg>
<status status="PASS" starttime="20210408 14:07:36.515" endtime="20210408 14:07:37.661"/>
</kw>
<kw name="Log To Console" library="BuiltIn">
<arg>${\n}Screenshot</arg>
<doc>Logs the given message to the console.</doc>
<status status="PASS" starttime="20210408 14:07:37.661" endtime="20210408 14:07:37.661"/>
</kw>
<status status="PASS" starttime="20210408 14:07:36.467" endtime="20210408 14:07:37.661"/>
</kw>
<kw name="Enable Cookies">
<kw name="Current Frame Should Contain" library="SeleniumLibrary">
<arg>This website uses cookies to enhance the user experience.These cookies are used to collect information about how you interact with our website and allow us to remember you. We use this information in order to improve and customize your browsing experience and for analytics and metrics about our visitors both on this website and other media.</arg>
<doc>Verifies that the current frame contains ``text``.</doc>
<msg timestamp="20210408 14:07:37.685" level="INFO">Current frame contains text 'This website uses cookies to enhance the user experience.These cookies are used to collect information about how you interact with our website and allow us to remember you. We use this information in order to improve and customize your browsing experience and for analytics and metrics about our visitors both on this website and other media.'.</msg>
<status status="PASS" starttime="20210408 14:07:37.661" endtime="20210408 14:07:37.685"/>
</kw>
<kw name="Click Button" library="SeleniumLibrary">
<arg>xpath://button[@id='']</arg>
<doc>Clicks the button identified by ``locator``.</doc>
<msg timestamp="20210408 14:07:37.693" level="INFO">Clicking button 'xpath://button[@id='']'.</msg>
<status status="PASS" starttime="20210408 14:07:37.693" endtime="20210408 14:07:37.773"/>
</kw>
<status status="PASS" starttime="20210408 14:07:37.661" endtime="20210408 14:07:37.773"/>
</kw>
<kw name="Scroll Element Into View" library="SeleniumLibrary">
<arg>${YourElement}</arg>
<doc>Scrolls the element identified by ``locator`` into view.</doc>
<status status="PASS" starttime="20210408 14:07:37.773" endtime="20210408 14:07:38.076"/>
</kw>
<kw name="Wait Until Element Is Visible" library="SeleniumLibrary">
<arg>${YourElement}</arg>
<arg>timeout=5s</arg>
<doc>Waits until the element ``locator`` is visible.</doc>
<status status="PASS" starttime="20210408 14:07:38.076" endtime="20210408 14:07:38.124"/>
</kw>
<kw name="Set Focus To Element" library="SeleniumLibrary">
<arg>${YourElement}</arg>
<doc>Sets the focus to the element identified by ``locator``.</doc>
<status status="PASS" starttime="20210408 14:07:38.124" endtime="20210408 14:07:38.140"/>
</kw>
<kw name="Screenshot">
<arg>Dis_OTP</arg>
<kw name="Set Screenshot Directory" library="SeleniumLibrary">
<arg>${Path}</arg>
<doc>Sets the directory for captured screenshots.</doc>
<status status="PASS" starttime="20210408 14:07:38.148" endtime="20210408 14:07:38.148"/>
</kw>
<kw name="Wait Until Page Contains" library="SeleniumLibrary">
<arg>Element</arg>
<doc>Waits until ``text`` appears on the current page.</doc>
<status status="PASS" starttime="20210408 14:07:38.148" endtime="20210408 14:07:38.164"/>
</kw>
<kw name="Capture Page Screenshot" library="SeleniumLibrary">
<arg>${filename}.png</arg>
<doc>Takes a screenshot of the current page and embeds it into a log file.</doc>
<msg timestamp="20210408 14:07:38.925" level="INFO" html="true">&lt;/td&gt;&lt;/tr&gt;&lt;tr&gt;&lt;td colspan="3"&gt;&lt;a href="../screenshot/2021-04-08%2014-07-36/Dis_OTP.png"&gt;&lt;img src="../screenshot/2021-04-08%2014-07-36/Dis_OTP.png" width="800px"&gt;&lt;/a&gt;</msg>
<status status="PASS" starttime="20210408 14:07:38.164" endtime="20210408 14:07:38.925"/>
</kw>
<kw name="Log To Console" library="BuiltIn">
<arg>${\n}Screenshot</arg>
<doc>Logs the given message to the console.</doc>
<status status="PASS" starttime="20210408 14:07:38.925" endtime="20210408 14:07:38.933"/>
</kw>
<status status="PASS" starttime="20210408 14:07:38.148" endtime="20210408 14:07:38.933"/>
</kw>
<kw name="Sleep" library="BuiltIn">
<arg>2s</arg>
<doc>Pauses the test executed for the given time.</doc>
<msg timestamp="20210408 14:07:40.940" level="INFO">Slept 2 seconds</msg>
<status status="PASS" starttime="20210408 14:07:38.933" endtime="20210408 14:07:40.940"/>
</kw>
<kw name="Element Text Should Be" library="SeleniumLibrary">
<arg>xpath:(//div[@class="_2ClPktuQN1IdZ1KO1AWQA-"]/h2)[1]</arg>
<arg>Our Trusted Partners</arg>
<doc>Verifies that element ``locator`` contains exact the text ``expected``.</doc>
<msg timestamp="20210408 14:07:40.940" level="INFO">Verifying element 'xpath:(//div[@class="_2ClPktuQN1IdZ1KO1AWQA-"]/h2)[1]' contains exact text 'Our Trusted Partners'.</msg>
<status status="PASS" starttime="20210408 14:07:40.940" endtime="20210408 14:07:40.972"/>
</kw>
<kw name="Wait Until Element Is Visible" library="SeleniumLibrary">
<arg>xpath://a[@href="/palmer-holland"]</arg>
<arg>timeout=15</arg>
<doc>Waits until the element ``locator`` is visible.</doc>
<status status="PASS" starttime="20210408 14:07:40.972" endtime="20210408 14:07:43.331"/>
</kw>
<kw name="Get Element Attribute" library="SeleniumLibrary">
<var>${url}</var>
<arg>xpath=//a[contains(@href, 'r-h')]</arg>
<arg>href</arg>
<doc>Returns the value of ``attribute`` from the element ``locator``.</doc>
<msg timestamp="20210408 14:07:43.363" level="INFO">${url} = https://agilischemicals.com/palmer-holland</msg>
<status status="PASS" starttime="20210408 14:07:43.331" endtime="20210408 14:07:43.363"/>
</kw>
<kw name="Should Be Equal" library="BuiltIn">
<arg>${url}</arg>
<arg>https://agilischemicals.com/palmer-holland</arg>
<doc>Fails if the given objects are unequal.</doc>
<status status="PASS" starttime="20210408 14:07:43.363" endtime="20210408 14:07:43.363"/>
</kw>
<kw name="Wait Until Element Is Visible" library="SeleniumLibrary">
<arg>xpath://a[@href="/palmer-holland"]</arg>
<doc>Waits until the element ``locator`` is visible.</doc>
<status status="PASS" starttime="20210408 14:07:43.363" endtime="20210408 14:07:43.379"/>
</kw>
<kw name="Click Element" library="SeleniumLibrary">
<arg>xpath://a[@href="/palmer-holland"]</arg>
<doc>Click the element identified by ``locator``.</doc>
<msg timestamp="20210408 14:07:43.379" level="INFO">Clicking element 'xpath://a[@href="/palmer-holland"]'.</msg>
<status status="PASS" starttime="20210408 14:07:43.379" endtime="20210408 14:07:43.507"/>
</kw>
<kw name="Sleep" library="BuiltIn">
<arg>5s</arg>
<doc>Pauses the test executed for the given time.</doc>
<msg timestamp="20210408 14:07:48.511" level="INFO">Slept 5 seconds</msg>
<status status="PASS" starttime="20210408 14:07:43.507" endtime="20210408 14:07:48.511"/>
</kw>
<kw name="select window">
<arg>title=Palmer Holland Health &amp; Nutrition eCommerce Portal Home</arg>
<msg timestamp="20210408 14:07:48.535" level="FAIL">No keyword with name 'select window' found.</msg>
<status status="FAIL" starttime="20210408 14:07:48.527" endtime="20210408 14:07:48.535"/>
</kw>
<kw name="Screenshot">
<arg>PH_HomePage</arg>
<status status="NOT RUN" starttime="20210408 14:07:48.535" endtime="20210408 14:07:48.535"/>
</kw>
<kw name="Wait Until Page Contains Element" library="SeleniumLibrary">
<arg>//div[@class='_1eyvFfpdFnz2Eu9SWFJhRr']</arg>
<arg>timeout=5</arg>
<arg>error=false</arg>
<doc>Waits until the element ``locator`` appears on the current page.</doc>
<status status="NOT RUN" starttime="20210408 14:07:48.535" endtime="20210408 14:07:48.535"/>
</kw>
<kw name="Click Link" library="SeleniumLibrary">
<arg>xpath://a[@href='/palmer-holland/portfolio']</arg>
<doc>Clicks a link identified by ``locator``.</doc>
<status status="NOT RUN" starttime="20210408 14:07:48.535" endtime="20210408 14:07:48.543"/>
</kw>
<kw name="Get Text" library="SeleniumLibrary">
<var>${text}</var>
<arg>xpath://a[@href='/palmer-holland/portfolio']</arg>
<doc>Returns the text value of the element identified by ``locator``.</doc>
<status status="NOT RUN" starttime="20210408 14:07:48.543" endtime="20210408 14:07:48.543"/>
</kw>
<kw name="Log To Console" library="BuiltIn">
<arg>${text}</arg>
<doc>Logs the given message to the console.</doc>
<status status="NOT RUN" starttime="20210408 14:07:48.543" endtime="20210408 14:07:48.543"/>
</kw>
<kw name="Element Text Should Be" library="SeleniumLibrary">
<arg>xpath://a[@href='/palmer-holland/portfolio']</arg>
<arg>PORTFOLIO</arg>
<doc>Verifies that element ``locator`` contains exact the text ``expected``.</doc>
<status status="NOT RUN" starttime="20210408 14:07:48.543" endtime="20210408 14:07:48.543"/>
</kw>
<kw name="Element Should Be Visible" library="SeleniumLibrary">
<arg>(//div[@class="MuiCardHeader-content"]//span[contains(text(),'CARAMEL COLOR I')])[1]</arg>
<doc>Verifies that the element identified by ``locator`` is visible.</doc>
<status status="NOT RUN" starttime="20210408 14:07:48.543" endtime="20210408 14:07:48.543"/>
</kw>
<kw name="Click Link" library="SeleniumLibrary">
<arg>xpath://a[@href="/palmer-holland/product/caramel-color-i-palmer-holland-inc"]</arg>
<doc>Clicks a link identified by ``locator``.</doc>
<status status="NOT RUN" starttime="20210408 14:07:48.551" endtime="20210408 14:07:48.551"/>
</kw>
<kw name="Sleep" library="BuiltIn">
<arg>5s</arg>
<doc>Pauses the test executed for the given time.</doc>
<status status="NOT RUN" starttime="20210408 14:07:48.551" endtime="20210408 14:07:48.551"/>
</kw>
<kw name="Element Should Be Visible" library="SeleniumLibrary">
<arg>xpath://button[contains(text(),'Request Quote')]</arg>
<doc>Verifies that the element identified by ``locator`` is visible.</doc>
<status status="NOT RUN" starttime="20210408 14:07:48.551" endtime="20210408 14:07:48.551"/>
</kw>
<kw name="Click Button" library="SeleniumLibrary">
<arg>xpath://button[contains(text(),'Request Quote')]</arg>
<doc>Clicks the button identified by ``locator``.</doc>
<status status="NOT RUN" starttime="20210408 14:07:48.551" endtime="20210408 14:07:48.551"/>
</kw>
<kw name="Sleep" library="BuiltIn">
<arg>20s</arg>
<doc>Pauses the test executed for the given time.</doc>
<status status="NOT RUN" starttime="20210408 14:07:48.559" endtime="20210408 14:07:48.559"/>
</kw>
<kw name="Element Text Should Be" library="SeleniumLibrary">
<arg>//div[contains(text(),'Quote Request')]</arg>
<arg>Quote Request</arg>
<doc>Verifies that element ``locator`` contains exact the text ``expected``.</doc>
<status status="NOT RUN" starttime="20210408 14:07:48.559" endtime="20210408 14:07:48.559"/>
</kw>
<kw name="Log To Console" library="BuiltIn">
<arg>OK</arg>
<doc>Logs the given message to the console.</doc>
<status status="NOT RUN" starttime="20210408 14:07:48.559" endtime="20210408 14:07:48.559"/>
</kw>
<status status="FAIL" starttime="20210408 14:07:24.074" endtime="20210408 14:07:48.559">No keyword with name 'select window' found.</status>
</test>
<status status="FAIL" starttime="20210408 14:07:23.452" endtime="20210408 14:07:48.567"/>
</suite>
<statistics>
<total>
<stat pass="0" fail="1" skip="0">All Tests</stat>
</total>
<tag>
</tag>
<suite>
<stat pass="0" fail="1" skip="0" id="s1" name="Agilis Case">Agilis Case</stat>
</suite>
</statistics>
<errors>
</errors>
</robot>
